# JRE version: OpenJDK Runtime Environment (7.0_131) (build 1.7.0_131-b00)
# Java VM: OpenJDK 64-Bit Server VM (24.131-b00 mixed mode linux-amd64 compressed oops)
Heap
 PSYoungGen      total 449536K, used 206540K [0x00000007d7200000, 0x00000007f6a80000, 0x0000000800000000)
  eden space 402944K, 45% used [0x00000007d7200000,0x00000007e23e7c88,0x00000007efb80000)
  from space 46592K, 52% used [0x00000007f3d00000,0x00000007f54cb3d8,0x00000007f6a80000)
  to   space 56832K, 0% used [0x00000007efb80000,0x00000007efb80000,0x00000007f3300000)
 ParOldGen       total 122368K, used 77042K [0x0000000785600000, 0x000000078cd80000, 0x00000007d7200000)
  object space 122368K, 62% used [0x0000000785600000,0x000000078a13cbc0,0x000000078cd80000)
 PSPermGen       total 57856K, used 57687K [0x000000077b000000, 0x000000077e880000, 0x0000000785600000)
  object space 57856K, 99% used [0x000000077b000000,0x000000077e855ed0,0x000000077e880000)
GC Heap History (10 events):
Event: 6,952 GC heap before
{Heap before GC invocations=11 (full 0):
 PSYoungGen      total 216576K, used 215550K [0x00000007d7200000, 0x00000007e6580000, 0x0000000800000000)
  eden space 193024K, 100% used [0x00000007d7200000,0x00000007e2e80000,0x00000007e2e80000)
  from space 23552K, 95% used [0x00000007e4880000,0x00000007e5e7fb60,0x00000007e5f80000)
  to   space 26624K, 0% used [0x00000007e2e80000,0x00000007e2e80000,0x00000007e4880000)
 ParOldGen       total 83456K, used 38625K [0x0000000785600000, 0x000000078a780000, 0x00000007d7200000)
  object space 83456K, 46% used [0x0000000785600000,0x0000000787bb84f0,0x000000078a780000)
 PSPermGen       total 22528K, used 22279K [0x000000077b000000, 0x000000077c600000, 0x0000000785600000)
  object space 22528K, 98% used [0x000000077b000000,0x000000077c5c1c20,0x000000077c600000)
Event: 6,990 GC heap after
Heap after GC invocations=11 (full 0):
 PSYoungGen      total 219648K, used 26611K [0x00000007d7200000, 0x00000007eea00000, 0x0000000800000000)
  eden space 193024K, 0% used [0x00000007d7200000,0x00000007d7200000,0x00000007e2e80000)
  from space 26624K, 99% used [0x00000007e2e80000,0x00000007e487cf80,0x00000007e4880000)
  to   space 37888K, 0% used [0x00000007ec500000,0x00000007ec500000,0x00000007eea00000)
 ParOldGen       total 83456K, used 58212K [0x0000000785600000, 0x000000078a780000, 0x00000007d7200000)
  object space 83456K, 69% used [0x0000000785600000,0x0000000788ed9168,0x000000078a780000)
 PSPermGen       total 22528K, used 22279K [0x000000077b000000, 0x000000077c600000, 0x0000000785600000)
  object space 22528K, 98% used [0x000000077b000000,0x000000077c5c1c20,0x000000077c600000)
}
Event: 8,968 GC heap before
{Heap before GC invocations=12 (full 0):
 PSYoungGen      total 219648K, used 219635K [0x00000007d7200000, 0x00000007eea00000, 0x0000000800000000)
  eden space 193024K, 100% used [0x00000007d7200000,0x00000007e2e80000,0x00000007e2e80000)
  from space 26624K, 99% used [0x00000007e2e80000,0x00000007e487cf80,0x00000007e4880000)
  to   space 37888K, 0% used [0x00000007ec500000,0x00000007ec500000,0x00000007eea00000)
 ParOldGen       total 83456K, used 58212K [0x0000000785600000, 0x000000078a780000, 0x00000007d7200000)
  object space 83456K, 69% used [0x0000000785600000,0x0000000788ed9168,0x000000078a780000)
 PSPermGen       total 22528K, used 22290K [0x000000077b000000, 0x000000077c600000, 0x0000000785600000)
  object space 22528K, 98% used [0x000000077b000000,0x000000077c5c4ad0,0x000000077c600000)
Event: 9,011 GC heap after
Heap after GC invocations=12 (full 0):
 PSYoungGen      total 332288K, used 37869K [0x00000007d7200000, 0x00000007f0700000, 0x0000000800000000)
  eden space 294400K, 0% used [0x00000007d7200000,0x00000007d7200000,0x00000007e9180000)
  from space 37888K, 99% used [0x00000007ec500000,0x00000007ee9fb460,0x00000007eea00000)
  to   space 52736K, 0% used [0x00000007e9180000,0x00000007e9180000,0x00000007ec500000)
 ParOldGen       total 83456K, used 82193K [0x0000000785600000, 0x000000078a780000, 0x00000007d7200000)
  object space 83456K, 98% used [0x0000000785600000,0x000000078a644720,0x000000078a780000)
 PSPermGen       total 22528K, used 22290K [0x000000077b000000, 0x000000077c600000, 0x0000000785600000)
  object space 22528K, 98% used [0x000000077b000000,0x000000077c5c4ad0,0x000000077c600000)
}
Event: 9,011 GC heap before
{Heap before GC invocations=13 (full 1):
 PSYoungGen      total 332288K, used 37869K [0x00000007d7200000, 0x00000007f0700000, 0x0000000800000000)
  eden space 294400K, 0% used [0x00000007d7200000,0x00000007d7200000,0x00000007e9180000)
  from space 37888K, 99% used [0x00000007ec500000,0x00000007ee9fb460,0x00000007eea00000)
  to   space 52736K, 0% used [0x00000007e9180000,0x00000007e9180000,0x00000007ec500000)
 ParOldGen       total 83456K, used 82193K [0x0000000785600000, 0x000000078a780000, 0x00000007d7200000)
  object space 83456K, 98% used [0x0000000785600000,0x000000078a644720,0x000000078a780000)
 PSPermGen       total 22528K, used 22290K [0x000000077b000000, 0x000000077c600000, 0x0000000785600000)
  object space 22528K, 98% used [0x000000077b000000,0x000000077c5c4ad0,0x000000077c600000)
Event: 9,125 GC heap after
Heap after GC invocations=13 (full 1):
 PSYoungGen      total 332288K, used 0K [0x00000007d7200000, 0x00000007f0700000, 0x0000000800000000)
  eden space 294400K, 0% used [0x00000007d7200000,0x00000007d7200000,0x00000007e9180000)
  from space 37888K, 0% used [0x00000007ec500000,0x00000007ec500000,0x00000007eea00000)
  to   space 52736K, 0% used [0x00000007e9180000,0x00000007e9180000,0x00000007ec500000)
 ParOldGen       total 122368K, used 57667K [0x0000000785600000, 0x000000078cd80000, 0x00000007d7200000)
  object space 122368K, 47% used [0x0000000785600000,0x0000000788e50f98,0x000000078cd80000)
 PSPermGen       total 45056K, used 22283K [0x000000077b000000, 0x000000077dc00000, 0x0000000785600000)
  object space 45056K, 49% used [0x000000077b000000,0x000000077c5c2c60,0x000000077dc00000)
}
Event: 11,565 GC heap before
{Heap before GC invocations=14 (full 1):
 PSYoungGen      total 332288K, used 294400K [0x00000007d7200000, 0x00000007f0700000, 0x0000000800000000)
  eden space 294400K, 100% used [0x00000007d7200000,0x00000007e9180000,0x00000007e9180000)
  from space 37888K, 0% used [0x00000007ec500000,0x00000007ec500000,0x00000007eea00000)
  to   space 52736K, 0% used [0x00000007e9180000,0x00000007e9180000,0x00000007ec500000)
 ParOldGen       total 122368K, used 57667K [0x0000000785600000, 0x000000078cd80000, 0x00000007d7200000)
  object space 122368K, 47% used [0x0000000785600000,0x0000000788e50f98,0x000000078cd80000)
 PSPermGen       total 45056K, used 29094K [0x000000077b000000, 0x000000077dc00000, 0x0000000785600000)
  object space 45056K, 64% used [0x000000077b000000,0x000000077cc69898,0x000000077dc00000)
Event: 11,599 GC heap after
Heap after GC invocations=14 (full 1):
 PSYoungGen      total 347136K, used 48626K [0x00000007d7200000, 0x00000007f7780000, 0x0000000800000000)
  eden space 294400K, 0% used [0x00000007d7200000,0x00000007d7200000,0x00000007e9180000)
  from space 52736K, 92% used [0x00000007e9180000,0x00000007ec0fca10,0x00000007ec500000)
  to   space 59904K, 0% used [0x00000007f3d00000,0x00000007f3d00000,0x00000007f7780000)
 ParOldGen       total 122368K, used 57667K [0x0000000785600000, 0x000000078cd80000, 0x00000007d7200000)
  object space 122368K, 47% used [0x0000000785600000,0x0000000788e50f98,0x000000078cd80000)
 PSPermGen       total 45056K, used 29094K [0x000000077b000000, 0x000000077dc00000, 0x0000000785600000)
  object space 45056K, 64% used [0x000000077b000000,0x000000077cc69898,0x000000077dc00000)
}
Event: 14,912 GC heap before
{Heap before GC invocations=15 (full 1):
 PSYoungGen      total 347136K, used 343026K [0x00000007d7200000, 0x00000007f7780000, 0x0000000800000000)
  eden space 294400K, 100% used [0x00000007d7200000,0x00000007e9180000,0x00000007e9180000)
  from space 52736K, 92% used [0x00000007e9180000,0x00000007ec0fca10,0x00000007ec500000)
  to   space 59904K, 0% used [0x00000007f3d00000,0x00000007f3d00000,0x00000007f7780000)
 ParOldGen       total 122368K, used 57667K [0x0000000785600000, 0x000000078cd80000, 0x00000007d7200000)
  object space 122368K, 47% used [0x0000000785600000,0x0000000788e50f98,0x000000078cd80000)
 PSPermGen       total 50688K, used 50263K [0x000000077b000000, 0x000000077e180000, 0x0000000785600000)
  object space 50688K, 99% used [0x000000077b000000,0x000000077e115e30,0x000000077e180000)
Event: 14,940 GC heap after
Heap after GC invocations=15 (full 1):
 PSYoungGen      total 449536K, used 24364K [0x00000007d7200000, 0x00000007f6a80000, 0x0000000800000000)
  eden space 402944K, 0% used [0x00000007d7200000,0x00000007d7200000,0x00000007efb80000)
  from space 46592K, 52% used [0x00000007f3d00000,0x00000007f54cb3d8,0x00000007f6a80000)
  to   space 56832K, 0% used [0x00000007efb80000,0x00000007efb80000,0x00000007f3300000)
 ParOldGen       total 122368K, used 77042K [0x0000000785600000, 0x000000078cd80000, 0x00000007d7200000)
  object space 122368K, 62% used [0x0000000785600000,0x000000078a13cbc0,0x000000078cd80000)
 PSPermGen       total 50688K, used 50263K [0x000000077b000000, 0x000000077e180000, 0x0000000785600000)
  object space 50688K, 99% used [0x000000077b000000,0x000000077e115e30,0x000000077e180000)
}

